<?xml version="1.0" encoding="UTF-8"?>
<!-- Generated by org.testng.reporters.JUnitReportReporter -->
<testsuite hostname="LAPTOP-9J15PCB5" failures="0" tests="3" name="com.eCommerce.driverScript1.script1" time="18.957" errors="0" timestamp="2023-01-26T13:13:26 IST" skipped="0">
  <testcase classname="com.eCommerce.driverScript1.script1" name="userlogin" time="3.795"/>
  <system-out/>
  <testcase classname="com.eCommerce.driverScript1.script1" name="gotoAddProduct" time="9.621"/>
  <system-out/>
  <testcase classname="com.eCommerce.driverScript1.script1" name="userlogOut" time="5.541"/>
  <system-out/>
</testsuite> <!-- com.eCommerce.driverScript1.script1 -->
