<?xml version="1.0" encoding="UTF-8"?>
<!-- Generated by org.testng.reporters.JUnitReportReporter -->
<testsuite hostname="LAPTOP-9J15PCB5" failures="0" tests="3" name="com.eCommerce.driverScript1.script1" time="49.770" errors="0" timestamp="2023-11-25T17:37:49 IST" skipped="0">
  <testcase classname="com.eCommerce.driverScript1.script1" name="userlogin" time="17.979"/>
  <system-out/>
  <testcase classname="com.eCommerce.driverScript1.script1" name="gotoAddProduct" time="24.990"/>
  <system-out/>
  <testcase classname="com.eCommerce.driverScript1.script1" name="userlogOut" time="6.801"/>
  <system-out/>
</testsuite> <!-- com.eCommerce.driverScript1.script1 -->
