<?xml version="1.0" encoding="UTF-8"?>
<!-- Generated by org.testng.reporters.JUnitReportReporter -->
<testsuite skipped="0" hostname="LAPTOP-9J15PCB5" name="com.eCommerce.driverScript1.script1" tests="3" failures="0" timestamp="2023-01-26T13:21:36 IST" time="18.877" errors="0">
  <testcase name="userlogin" time="5.147" classname="com.eCommerce.driverScript1.script1"/>
  <system-out/>
  <testcase name="gotoAddProduct" time="6.874" classname="com.eCommerce.driverScript1.script1"/>
  <system-out/>
  <testcase name="userlogOut" time="6.856" classname="com.eCommerce.driverScript1.script1"/>
  <system-out/>
</testsuite> <!-- com.eCommerce.driverScript1.script1 -->
